当前时间：2016/11/14 23:46:24
异常信息：引发类型为“Modbus.SlaveException”的异常。
Function Code: 144
Exception Code: 2 - The data address received in the query is not an allowable address for the server (or slave). More specifically, the combination of reference number and transfer length is invalid. For a controller with 100 registers, the PDU addresses the first register as 0, and the last one as 99. If a request is submitted with a starting register address of 96 and a quantity of registers of 4, then this request will successfully operate (address-wise at least) on registers 96, 97, 98, 99. If a request is submitted with a starting register address of 96 and a quantity of registers of 5, then this request will fail with Exception Code 0x02 “Illegal Data Address” since it attempts to operate on registers 96, 97, 98, 99 and 100, and there is no register with address 100.
异常对象：NModbus4
调用堆栈：
在 Modbus.IO.ModbusTransport.UnicastMessage[T](IModbusMessage message)
   在 Modbus.Device.ModbusMaster.WriteMultipleRegisters(Byte slaveAddress, UInt16 startAddress, UInt16[] data)
   在 PLCModbusSystem.modbusNetworkSingleton.writeMultiRegisters(ModbusRegisters regs) 位置 E:\work\git\modbus\plc\PLCModbusSystem\PLCModbusSystem\modbusNetworkSingleton.cs:行号 247
触发方法：T UnicastMessage[T](Modbus.Message.IModbusMessage)

当前时间：2016/11/14 23:47:28
异常信息：引发类型为“Modbus.SlaveException”的异常。
Function Code: 144
Exception Code: 2 - The data address received in the query is not an allowable address for the server (or slave). More specifically, the combination of reference number and transfer length is invalid. For a controller with 100 registers, the PDU addresses the first register as 0, and the last one as 99. If a request is submitted with a starting register address of 96 and a quantity of registers of 4, then this request will successfully operate (address-wise at least) on registers 96, 97, 98, 99. If a request is submitted with a starting register address of 96 and a quantity of registers of 5, then this request will fail with Exception Code 0x02 “Illegal Data Address” since it attempts to operate on registers 96, 97, 98, 99 and 100, and there is no register with address 100.
异常对象：NModbus4
调用堆栈：
在 Modbus.IO.ModbusTransport.UnicastMessage[T](IModbusMessage message)
   在 Modbus.Device.ModbusMaster.WriteMultipleRegisters(Byte slaveAddress, UInt16 startAddress, UInt16[] data)
   在 PLCModbusSystem.modbusNetworkSingleton.writeMultiRegisters(ModbusRegisters regs) 位置 E:\work\git\modbus\plc\PLCModbusSystem\PLCModbusSystem\modbusNetworkSingleton.cs:行号 247
触发方法：T UnicastMessage[T](Modbus.Message.IModbusMessage)

