当前时间：2016-11-6 15:21:29
异常信息：Object reference not set to an instance of an object.
异常对象：PLCModbusSystem
调用堆栈：
at PLCModbusSystem.inputCommPortSingleton.readRegister(ModbusRegisters& regs) in C:\work\CCS\plc\PLCModbusSystem\PLCModbusSystem\inputCommPortSingleton.cs:line 222
触发方法：Int32 readRegister(PLCModbusSystem.ModbusRegisters ByRef)

当前时间：2016-11-6 17:00:30
异常信息：Access to the port 'COM3' is denied.
异常对象：System
调用堆栈：
at System.IO.Ports.InternalResources.WinIOError(Int32 errorCode, String str)
   at System.IO.Ports.SerialStream..ctor(String portName, Int32 baudRate, Parity parity, Int32 dataBits, StopBits stopBits, Int32 readTimeout, Int32 writeTimeout, Handshake handshake, Boolean dtrEnable, Boolean rtsEnable, Boolean discardNull, Byte parityReplace)
   at System.IO.Ports.SerialPort.Open()
   at PLCModbusSystem.inputCommPortSingleton.openComm() in C:\work\CCS\plc\PLCModbusSystem\PLCModbusSystem\inputCommPortSingleton.cs:line 165
触发方法：Void WinIOError(Int32, System.String)

当前时间：2016-11-6 17:01:51
异常信息：Access to the port 'COM3' is denied.
异常对象：System
调用堆栈：
at System.IO.Ports.InternalResources.WinIOError(Int32 errorCode, String str)
   at System.IO.Ports.SerialStream..ctor(String portName, Int32 baudRate, Parity parity, Int32 dataBits, StopBits stopBits, Int32 readTimeout, Int32 writeTimeout, Handshake handshake, Boolean dtrEnable, Boolean rtsEnable, Boolean discardNull, Byte parityReplace)
   at System.IO.Ports.SerialPort.Open()
   at PLCModbusSystem.inputCommPortSingleton.openComm() in C:\work\CCS\plc\PLCModbusSystem\PLCModbusSystem\inputCommPortSingleton.cs:line 165
触发方法：Void WinIOError(Int32, System.String)

当前时间：2016-11-6 17:02:02
异常信息：Access to the port 'COM3' is denied.
异常对象：System
调用堆栈：
at System.IO.Ports.InternalResources.WinIOError(Int32 errorCode, String str)
   at System.IO.Ports.SerialStream..ctor(String portName, Int32 baudRate, Parity parity, Int32 dataBits, StopBits stopBits, Int32 readTimeout, Int32 writeTimeout, Handshake handshake, Boolean dtrEnable, Boolean rtsEnable, Boolean discardNull, Byte parityReplace)
   at System.IO.Ports.SerialPort.Open()
   at PLCModbusSystem.inputCommPortSingleton.openComm() in C:\work\CCS\plc\PLCModbusSystem\PLCModbusSystem\inputCommPortSingleton.cs:line 165
触发方法：Void WinIOError(Int32, System.String)

当前时间：2016-11-6 17:02:33
异常信息：Access to the port 'COM3' is denied.
异常对象：System
调用堆栈：
at System.IO.Ports.InternalResources.WinIOError(Int32 errorCode, String str)
   at System.IO.Ports.SerialStream..ctor(String portName, Int32 baudRate, Parity parity, Int32 dataBits, StopBits stopBits, Int32 readTimeout, Int32 writeTimeout, Handshake handshake, Boolean dtrEnable, Boolean rtsEnable, Boolean discardNull, Byte parityReplace)
   at System.IO.Ports.SerialPort.Open()
   at PLCModbusSystem.inputCommPortSingleton.openComm() in C:\work\CCS\plc\PLCModbusSystem\PLCModbusSystem\inputCommPortSingleton.cs:line 165
触发方法：Void WinIOError(Int32, System.String)

当前时间：2016-11-6 17:02:38
异常信息：Access to the port 'COM3' is denied.
异常对象：System
调用堆栈：
at System.IO.Ports.InternalResources.WinIOError(Int32 errorCode, String str)
   at System.IO.Ports.SerialStream..ctor(String portName, Int32 baudRate, Parity parity, Int32 dataBits, StopBits stopBits, Int32 readTimeout, Int32 writeTimeout, Handshake handshake, Boolean dtrEnable, Boolean rtsEnable, Boolean discardNull, Byte parityReplace)
   at System.IO.Ports.SerialPort.Open()
   at PLCModbusSystem.inputCommPortSingleton.openComm() in C:\work\CCS\plc\PLCModbusSystem\PLCModbusSystem\inputCommPortSingleton.cs:line 165
触发方法：Void WinIOError(Int32, System.String)

当前时间：2016-11-6 17:02:49
异常信息：Access to the port 'COM3' is denied.
异常对象：System
调用堆栈：
at System.IO.Ports.InternalResources.WinIOError(Int32 errorCode, String str)
   at System.IO.Ports.SerialStream..ctor(String portName, Int32 baudRate, Parity parity, Int32 dataBits, StopBits stopBits, Int32 readTimeout, Int32 writeTimeout, Handshake handshake, Boolean dtrEnable, Boolean rtsEnable, Boolean discardNull, Byte parityReplace)
   at System.IO.Ports.SerialPort.Open()
   at PLCModbusSystem.inputCommPortSingleton.openComm() in C:\work\CCS\plc\PLCModbusSystem\PLCModbusSystem\inputCommPortSingleton.cs:line 165
触发方法：Void WinIOError(Int32, System.String)

当前时间：2016-11-6 17:02:57
异常信息：Access to the port 'COM3' is denied.
异常对象：System
调用堆栈：
at System.IO.Ports.InternalResources.WinIOError(Int32 errorCode, String str)
   at System.IO.Ports.SerialStream..ctor(String portName, Int32 baudRate, Parity parity, Int32 dataBits, StopBits stopBits, Int32 readTimeout, Int32 writeTimeout, Handshake handshake, Boolean dtrEnable, Boolean rtsEnable, Boolean discardNull, Byte parityReplace)
   at System.IO.Ports.SerialPort.Open()
   at PLCModbusSystem.inputCommPortSingleton.openComm() in C:\work\CCS\plc\PLCModbusSystem\PLCModbusSystem\inputCommPortSingleton.cs:line 165
触发方法：Void WinIOError(Int32, System.String)

当前时间：2016-11-6 17:02:59
异常信息：Access to the port 'COM3' is denied.
异常对象：System
调用堆栈：
at System.IO.Ports.InternalResources.WinIOError(Int32 errorCode, String str)
   at System.IO.Ports.SerialStream..ctor(String portName, Int32 baudRate, Parity parity, Int32 dataBits, StopBits stopBits, Int32 readTimeout, Int32 writeTimeout, Handshake handshake, Boolean dtrEnable, Boolean rtsEnable, Boolean discardNull, Byte parityReplace)
   at System.IO.Ports.SerialPort.Open()
   at PLCModbusSystem.inputCommPortSingleton.openComm() in C:\work\CCS\plc\PLCModbusSystem\PLCModbusSystem\inputCommPortSingleton.cs:line 165
触发方法：Void WinIOError(Int32, System.String)

当前时间：2016-11-6 17:04:35
异常信息：Access to the port 'COM3' is denied.
异常对象：System
调用堆栈：
at System.IO.Ports.InternalResources.WinIOError(Int32 errorCode, String str)
   at System.IO.Ports.SerialStream..ctor(String portName, Int32 baudRate, Parity parity, Int32 dataBits, StopBits stopBits, Int32 readTimeout, Int32 writeTimeout, Handshake handshake, Boolean dtrEnable, Boolean rtsEnable, Boolean discardNull, Byte parityReplace)
   at System.IO.Ports.SerialPort.Open()
   at PLCModbusSystem.inputCommPortSingleton.openComm() in C:\work\CCS\plc\PLCModbusSystem\PLCModbusSystem\inputCommPortSingleton.cs:line 165
触发方法：Void WinIOError(Int32, System.String)

当前时间：2016-11-6 17:04:41
异常信息：Access to the port 'COM3' is denied.
异常对象：System
调用堆栈：
at System.IO.Ports.InternalResources.WinIOError(Int32 errorCode, String str)
   at System.IO.Ports.SerialStream..ctor(String portName, Int32 baudRate, Parity parity, Int32 dataBits, StopBits stopBits, Int32 readTimeout, Int32 writeTimeout, Handshake handshake, Boolean dtrEnable, Boolean rtsEnable, Boolean discardNull, Byte parityReplace)
   at System.IO.Ports.SerialPort.Open()
   at PLCModbusSystem.inputCommPortSingleton.openComm() in C:\work\CCS\plc\PLCModbusSystem\PLCModbusSystem\inputCommPortSingleton.cs:line 165
触发方法：Void WinIOError(Int32, System.String)

