当前时间：2016-11-5 17:32:18
异常信息：Access to the port 'COM1' is denied.
异常对象：System
调用堆栈：
at System.IO.Ports.InternalResources.WinIOError(Int32 errorCode, String str)
   at System.IO.Ports.SerialStream..ctor(String portName, Int32 baudRate, Parity parity, Int32 dataBits, StopBits stopBits, Int32 readTimeout, Int32 writeTimeout, Handshake handshake, Boolean dtrEnable, Boolean rtsEnable, Boolean discardNull, Byte parityReplace)
   at System.IO.Ports.SerialPort.Open()
   at PLCModbusSystem.inputCommPortSingleton.openComm() in C:\work\CCS\plc\PLCModbusSystem\PLCModbusSystem\inputCommPortSingleton.cs:line 165
触发方法：Void WinIOError(Int32, System.String)

当前时间：2016-11-5 17:44:04
异常信息：Object reference not set to an instance of an object.
异常对象：PLCModbusSystem
调用堆栈：
at PLCModbusSystem.inputCommPortSingleton.readRegister(ModbusRegisters& regs) in C:\work\CCS\plc\PLCModbusSystem\PLCModbusSystem\inputCommPortSingleton.cs:line 222
触发方法：Int32 readRegister(PLCModbusSystem.ModbusRegisters ByRef)

当前时间：2016-11-5 18:38:06
异常信息：Exception from HRESULT: 0x800A03EC
异常对象：PLCModbusSystem
调用堆栈：
at Microsoft.Office.Interop.Excel._Worksheet.SaveAs(String Filename, Object FileFormat, Object Password, Object WriteResPassword, Object ReadOnlyRecommended, Object CreateBackup, Object AddToMru, Object TextCodepage, Object TextVisualLayout, Object Local)
   at PLCModbusSystem.Form1.CreateExcelFile(String FileName) in C:\work\CCS\plc\PLCModbusSystem\PLCModbusSystem\Form1.cs:line 372
触发方法：Void SaveAs(System.String, System.Object, System.Object, System.Object, System.Object, System.Object, System.Object, System.Object, System.Object, System.Object)

当前时间：2016-11-5 19:10:44
异常信息：Object reference not set to an instance of an object.
异常对象：PLCModbusSystem
调用堆栈：
at PLCModbusSystem.inputCommPortSingleton.readRegister(ModbusRegisters& regs) in C:\work\CCS\plc\PLCModbusSystem\PLCModbusSystem\inputCommPortSingleton.cs:line 222
触发方法：Int32 readRegister(PLCModbusSystem.ModbusRegisters ByRef)

当前时间：2016-11-5 19:21:24
异常信息：Object reference not set to an instance of an object.
异常对象：PLCModbusSystem
调用堆栈：
at PLCModbusSystem.inputCommPortSingleton.readRegister(ModbusRegisters& regs) in C:\work\CCS\plc\PLCModbusSystem\PLCModbusSystem\inputCommPortSingleton.cs:line 222
触发方法：Int32 readRegister(PLCModbusSystem.ModbusRegisters ByRef)

当前时间：2016-11-5 19:53:54
异常信息：Object reference not set to an instance of an object.
异常对象：PLCModbusSystem
调用堆栈：
at PLCModbusSystem.inputCommPortSingleton.readRegister(ModbusRegisters& regs) in C:\work\CCS\plc\PLCModbusSystem\PLCModbusSystem\inputCommPortSingleton.cs:line 222
触发方法：Int32 readRegister(PLCModbusSystem.ModbusRegisters ByRef)

